<?xml version="1.0" encoding="UTF-8"?>
<testsuite name="HeroTest" tests="1" skipped="0" failures="0" errors="0" timestamp="2019-06-24T11:18:37" hostname="roselyne-HP-EliteBook-Folio-9470m" time="0.002">
  <properties/>
  <testcase name="Hero_instantiatesCorrectly_true" classname="HeroTest" time="0.002"/>
  <system-out><![CDATA[]]></system-out>
  <system-err><![CDATA[]]></system-err>
</testsuite>
