<?xml version="1.0" encoding="UTF-8"?>
<testsuite name="HeroTest" tests="5" skipped="0" failures="0" errors="0" timestamp="2019-06-26T16:49:44" hostname="roselyne-HP-EliteBook-Folio-9470m" time="0.008">
  <properties/>
  <testcase name="Hero_instantiatesWithAge_int" classname="HeroTest" time="0.003"/>
  <testcase name="Hero_instantiatesWithSpecialPower_String" classname="HeroTest" time="0.001"/>
  <testcase name="Hero_instantiatesWithWeakness_String" classname="HeroTest" time="0.001"/>
  <testcase name="Hero_instantiatesCorrectly_true" classname="HeroTest" time="0.001"/>
  <testcase name="Hero_instantiatesWithName_String" classname="HeroTest" time="0.001"/>
  <system-out><![CDATA[]]></system-out>
  <system-err><![CDATA[]]></system-err>
</testsuite>
